[debug] > Exec(early(addDefaultCommands), None, None)
[debug] > Exec(addDefaultCommands, None, None)
[debug] > Exec(early(initialize), None, None)
[debug] > Exec(initialize, None, None)
[debug] > Exec(boot, None, None)
[debug] > Exec(writeSbtVersion, None, None)
[debug] > Exec(reload, None, None)
[debug] > Exec(sbtStashOnFailure, None, None)
[debug] > Exec(onFailure loadFailed, None, None)
[debug] > Exec(loadp, None, None)
[info] welcome to sbt 1.7.1 (Oracle Corporation Java 17.0.2)
[debug] Load.defaultLoad until apply took 249.3532ms
[debug]           Load.loadUnit: plugins took 280.6701ms
[debug]           Load.loadUnit: defsScala took 0.8578ms
[debug] [Loading] Scanning directory C:\Users\Windows 10\OneDrive - Universidad Icesi (@icesi.edu.co)\Escritorio\Universidad\DISCRETAS 2\Scala\BucketSort\project
[debug] [Loading] Found non-root projects 
[debug] [Loading] Done in C:\Users\Windows 10\OneDrive - Universidad Icesi (@icesi.edu.co)\Escritorio\Universidad\DISCRETAS 2\Scala\BucketSort\project, returning: ()
[debug] deducing auto plugins based on known facts Set(Atom(sbt.plugins.CorePlugin)) and clauses Clauses(Clause(Atom(sbt.plugins.JvmPlugin),Set(Atom(sbt.plugins.IvyPlugin)))
[debug] Clause(Atom(sbt.ScriptedPlugin),Set(Atom(sbt.plugins.JvmPlugin)))
[debug] Clause(Atom(sbt.plugins.SbtPlugin),Set(Atom(sbt.ScriptedPlugin)))
[debug] Clause(Atom(sbt.plugins.SemanticdbPlugin),Set(Atom(sbt.plugins.JvmPlugin)))
[debug] Clause(Atom(sbt.plugins.JUnitXmlReportPlugin),Set(Atom(sbt.plugins.JvmPlugin)))
[debug] Clause(Atom(sbt.plugins.MiniDependencyTreePlugin),Set(Atom(sbt.plugins.JvmPlugin)))
[debug] Clause(Atom(sbt.plugins.CorePlugin),Set(Atom(sbt.plugins.IvyPlugin)))
[debug] Clause(Atom(sbt.plugins.IvyPlugin),Set(Atom(sbt.plugins.JvmPlugin)))
[debug] Clause(Atom(sbt.plugins.JvmPlugin),Set(Atom(sbt.plugins.SemanticdbPlugin)))
[debug] Clause(Atom(sbt.plugins.JvmPlugin),Set(Atom(sbt.plugins.JUnitXmlReportPlugin)))
[debug] Clause(Atom(sbt.plugins.CorePlugin),Set(Atom(sbt.plugins.Giter8TemplatePlugin)))
[debug] Clause(Atom(sbt.plugins.JvmPlugin),Set(Atom(sbt.plugins.MiniDependencyTreePlugin))))
[debug]   :: deduced result: Matched(sbt.plugins.CorePlugin,sbt.plugins.Giter8TemplatePlugin,sbt.plugins.IvyPlugin,sbt.plugins.JvmPlugin,sbt.plugins.MiniDependencyTreePlugin,sbt.plugins.JUnitXmlReportPlugin,sbt.plugins.SemanticdbPlugin)
[debug] Plugins.deducer#function took 42.0153 ms
[debug]               Load.resolveProject(bucketsort-build) took 201.4404ms
[debug]             Load.loadTransitive: finalizeProject(Project(id bucketsort-build, base: C:\Users\Windows 10\OneDrive - Universidad Icesi (@icesi.edu.co)\Escritorio\Universidad\DISCRETAS 2\Scala\BucketSort\project, plugins: List(<none>))) took 279.4534ms
[debug] [Loading] Done in C:\Users\Windows 10\OneDrive - Universidad Icesi (@icesi.edu.co)\Escritorio\Universidad\DISCRETAS 2\Scala\BucketSort\project, returning: (bucketsort-build)
[debug]           Load.loadUnit: loadedProjectsRaw took 355.487ms
[debug]           Load.loadUnit: cleanEvalClasses took 0.2948ms
[debug]         Load.loadUnit(file:/C:/Users/Windows%2010/OneDrive%20-%20Universidad%20Icesi%20(@icesi.edu.co)/Escritorio/Universidad/DISCRETAS%202/Scala/BucketSort/project/, ...) took 646.6155ms
[debug]       Load.apply: load took 1751.8957ms
[debug]       Load.apply: resolveProjects took 8.8263ms
[debug]       Load.apply: finalTransforms took 210.5113ms
[debug]       Load.apply: config.delegates took 149.9084ms
[debug]       Load.apply: Def.make(settings)... took 1788.5997ms
[debug]       Load.apply: structureIndex took 257.423ms
[debug]       Load.apply: mkStreams took 3.3641ms
[info] loading project definition from C:\Users\Windows 10\OneDrive - Universidad Icesi (@icesi.edu.co)\Escritorio\Universidad\DISCRETAS 2\Scala\BucketSort\project
[debug] Running task... Cancel: Signal, check cycles: false, forcegc: true
[debug]     Load.loadUnit: plugins took 8625.4925ms
[debug]     Load.loadUnit: defsScala took 0.0118ms
[debug] [Loading] Scanning directory C:\Users\Windows 10\OneDrive - Universidad Icesi (@icesi.edu.co)\Escritorio\Universidad\DISCRETAS 2\Scala\BucketSort
[debug]       Load.loadUnit: mkEval took 7.6654ms
[debug] [Loading] Found root project root w/ remaining 
[debug] deducing auto plugins based on known facts Set(Atom(sbt.plugins.CorePlugin)) and clauses Clauses(Clause(Atom(sbt.plugins.JvmPlugin),Set(Atom(sbt.plugins.IvyPlugin)))
[debug] Clause(Atom(sbt.ScriptedPlugin),Set(Atom(sbt.plugins.JvmPlugin)))
[debug] Clause(Atom(sbt.plugins.SbtPlugin),Set(Atom(sbt.ScriptedPlugin)))
[debug] Clause(Atom(sbt.plugins.SemanticdbPlugin),Set(Atom(sbt.plugins.JvmPlugin)))
[debug] Clause(Atom(sbt.plugins.JUnitXmlReportPlugin),Set(Atom(sbt.plugins.JvmPlugin)))
[debug] Clause(Atom(sbt.plugins.MiniDependencyTreePlugin),Set(Atom(sbt.plugins.JvmPlugin)))
[debug] Clause(Atom(sbt.plugins.CorePlugin),Set(Atom(sbt.plugins.IvyPlugin)))
[debug] Clause(Atom(sbt.plugins.IvyPlugin),Set(Atom(sbt.plugins.JvmPlugin)))
[debug] Clause(Atom(sbt.plugins.JvmPlugin),Set(Atom(sbt.plugins.SemanticdbPlugin)))
[debug] Clause(Atom(sbt.plugins.JvmPlugin),Set(Atom(sbt.plugins.JUnitXmlReportPlugin)))
[debug] Clause(Atom(sbt.plugins.CorePlugin),Set(Atom(sbt.plugins.Giter8TemplatePlugin)))
[debug] Clause(Atom(sbt.plugins.JvmPlugin),Set(Atom(sbt.plugins.MiniDependencyTreePlugin))))
[debug]   :: deduced result: Matched(sbt.plugins.CorePlugin,sbt.plugins.Giter8TemplatePlugin,sbt.plugins.IvyPlugin,sbt.plugins.JvmPlugin,sbt.plugins.MiniDependencyTreePlugin,sbt.plugins.JUnitXmlReportPlugin,sbt.plugins.SemanticdbPlugin)
[debug] Plugins.deducer#function took 5.6566 ms
[info] loading settings for project root from build.sbt ...
[debug]         Load.resolveProject(root) took 7.2299ms
[debug]       Load.loadTransitive: finalizeProject(Project(id root, base: C:\Users\Windows 10\OneDrive - Universidad Icesi (@icesi.edu.co)\Escritorio\Universidad\DISCRETAS 2\Scala\BucketSort, plugins: List(<none>))) took 26.2389ms
[debug] [Loading] Done in C:\Users\Windows 10\OneDrive - Universidad Icesi (@icesi.edu.co)\Escritorio\Universidad\DISCRETAS 2\Scala\BucketSort, returning: (root)
[debug]     Load.loadUnit: loadedProjectsRaw took 434.6845ms
[debug]     Load.loadUnit: cleanEvalClasses took 68.6556ms
[debug]   Load.loadUnit(file:/C:/Users/Windows%2010/OneDrive%20-%20Universidad%20Icesi%20(@icesi.edu.co)/Escritorio/Universidad/DISCRETAS%202/Scala/BucketSort/, ...) took 9131.814ms
[debug] Load.apply: load took 9187.6285ms
[debug] Load.apply: resolveProjects took 0.1955ms
[debug] Load.apply: finalTransforms took 24.9668ms
[debug] Load.apply: config.delegates took 0.4416ms
[debug] Load.apply: Def.make(settings)... took 207.4736ms
[debug] Load.apply: structureIndex took 101.107ms
[debug] Load.apply: mkStreams took 0.0024ms
[info] set current project to BucketSort (in build file:/C:/Users/Windows%2010/OneDrive%20-%20Universidad%20Icesi%20(@icesi.edu.co)/Escritorio/Universidad/DISCRETAS%202/Scala/BucketSort/)
[debug] > Exec(sbtPopOnFailure, None, None)
[debug] > Exec(resumeFromFailure, None, None)
[debug] > Exec(notifyUsersAboutShell, None, None)
[debug] > Exec(iflast shell, None, None)
[debug] > Exec(shell, None, None)
[info] sbt server started at local:sbt-server-35da024cd4a98b13f4ae
[debug] Writing bsp connection file
[info] started sbt server
